Apr 16 16:14 : exception: Failed to open '/home/sheetal/.mpd/mpdstate': No such file or directory
Apr 16 16:14 : update: added /Doja Cat - Kiss Me More (Lyrics) ft. SZA.mp3
Apr 16 16:14 : exception: Failed to open /home/sheetal/.mpd/playlists: No such file or directory
Apr 16 16:18 : alsa_output: Decoder is too slow; playing silence to avoid xrun
Apr 16 16:18 : player: played "Doja Cat - Kiss Me More (Lyrics) ft. SZA.mp3"
Apr 16 19:57 : player: played "Doja Cat - Kiss Me More (Lyrics) ft. SZA.mp3"
Apr 16 20:08 : alsa_output: Decoder is too slow; playing silence to avoid xrun
Apr 16 20:08 : player: played "Doja Cat - Kiss Me More (Lyrics) ft. SZA.mp3"
Apr 16 20:19 : output: Failed to flush filter on "ALSA sound card" (alsa): snd_pcm_writei() failed: Broken pipe
Apr 16 20:19 : player: played "Doja Cat - Kiss Me More (Lyrics) ft. SZA.mp3"
Apr 16 20:48 : player: played "Doja Cat - Kiss Me More (Lyrics) ft. SZA.mp3"
Apr 16 21:26 : output: Failed to flush filter on "ALSA sound card" (alsa): snd_pcm_writei() failed: Broken pipe
Apr 16 21:26 : player: played "Doja Cat - Kiss Me More (Lyrics) ft. SZA.mp3"
Apr 16 23:40 : player: played "Doja Cat - Kiss Me More (Lyrics) ft. SZA.mp3"
Apr 17 03:52 : player: played "Doja Cat - Kiss Me More (Lyrics) ft. SZA.mp3"
Apr 17 10:08 : player: played "Doja Cat - Kiss Me More (Lyrics) ft. SZA.mp3"
Apr 17 10:08 : alsa_output: Decoder is too slow; playing silence to avoid xrun
Apr 17 18:04 : player: played "Doja Cat - Kiss Me More (Lyrics) ft. SZA.mp3"
Apr 17 22:10 : output: Failed to flush filter on "ALSA sound card" (alsa): snd_pcm_writei() failed: Broken pipe
Apr 17 22:10 : player: played "Doja Cat - Kiss Me More (Lyrics) ft. SZA.mp3"
Apr 17 22:19 : alsa_output: Decoder is too slow; playing silence to avoid xrun
Apr 17 22:19 : player: played "Doja Cat - Kiss Me More (Lyrics) ft. SZA.mp3"
Apr 17 22:28 : alsa_output: Decoder is too slow; playing silence to avoid xrun
Apr 17 22:28 : player: played "Doja Cat - Kiss Me More (Lyrics) ft. SZA.mp3"
Apr 17 22:43 : alsa_output: Decoder is too slow; playing silence to avoid xrun
Apr 17 22:43 : player: played "Doja Cat - Kiss Me More (Lyrics) ft. SZA.mp3"
Apr 17 23:02 : player: played "Doja Cat - Kiss Me More (Lyrics) ft. SZA.mp3"
Apr 17 23:02 : alsa_output: Decoder is too slow; playing silence to avoid xrun
Apr 18 07:04 : alsa_output: Decoder is too slow; playing silence to avoid xrun
Apr 18 07:04 : player: played "Doja Cat - Kiss Me More (Lyrics) ft. SZA.mp3"
Apr 18 07:22 : alsa_output: Decoder is too slow; playing silence to avoid xrun
Apr 18 07:22 : player: played "Doja Cat - Kiss Me More (Lyrics) ft. SZA.mp3"
Apr 18 07:26 : player: played "Doja Cat - Kiss Me More (Lyrics) ft. SZA.mp3"
Apr 18 07:30 : player: played "Doja Cat - Kiss Me More (Lyrics) ft. SZA.mp3"
Apr 18 07:33 : player: played "Doja Cat - Kiss Me More (Lyrics) ft. SZA.mp3"
Apr 18 07:37 : player: played "Doja Cat - Kiss Me More (Lyrics) ft. SZA.mp3"
Apr 18 07:40 : player: played "Doja Cat - Kiss Me More (Lyrics) ft. SZA.mp3"
Apr 18 07:44 : player: played "Doja Cat - Kiss Me More (Lyrics) ft. SZA.mp3"
Apr 18 09:04 : player: played "Doja Cat - Kiss Me More (Lyrics) ft. SZA.mp3"
Apr 18 18:09 : player: played "Doja Cat - Kiss Me More (Lyrics) ft. SZA.mp3"
Apr 18 19:44 : player: played "Doja Cat - Kiss Me More (Lyrics) ft. SZA.mp3"
Apr 18 23:06 : player: played "Doja Cat - Kiss Me More (Lyrics) ft. SZA.mp3"
Apr 18 23:10 : player: played "Doja Cat - Kiss Me More (Lyrics) ft. SZA.mp3"
Apr 18 23:19 : player: played "Doja Cat - Kiss Me More (Lyrics) ft. SZA.mp3"
Apr 19 00:07 : player: played "Doja Cat - Kiss Me More (Lyrics) ft. SZA.mp3"
Apr 19 00:13 : player: played "Doja Cat - Kiss Me More (Lyrics) ft. SZA.mp3"
Apr 19 00:17 : player: played "Doja Cat - Kiss Me More (Lyrics) ft. SZA.mp3"
Apr 19 01:55 : player: played "Doja Cat - Kiss Me More (Lyrics) ft. SZA.mp3"
Apr 19 01:58 : player: played "Doja Cat - Kiss Me More (Lyrics) ft. SZA.mp3"
Apr 19 02:07 : player: played "Doja Cat - Kiss Me More (Lyrics) ft. SZA.mp3"
Apr 19 02:11 : player: played "Doja Cat - Kiss Me More (Lyrics) ft. SZA.mp3"
Apr 19 02:14 : player: played "Doja Cat - Kiss Me More (Lyrics) ft. SZA.mp3"
Apr 19 02:18 : player: played "Doja Cat - Kiss Me More (Lyrics) ft. SZA.mp3"
